{"total": {"lines":{"total":9434,"covered":7380,"skipped":0,"pct":78.22},"statements":{"total":10014,"covered":7752,"skipped":0,"pct":77.41},"functions":{"total":2175,"covered":1536,"skipped":0,"pct":70.62},"branches":{"total":6374,"covered":4190,"skipped":0,"pct":65.73},"branchesTrue":{"total":0,"covered":0,"skipped":0,"pct":100}}
,"/Users/william/fritt-bokforing/src/main/db-functions.ts": {"lines":{"total":2,"covered":2,"skipped":0,"pct":100},"functions":{"total":2,"covered":2,"skipped":0,"pct":100},"statements":{"total":2,"covered":2,"skipped":0,"pct":100},"branches":{"total":2,"covered":2,"skipped":0,"pct":100}}
,"/Users/william/fritt-bokforing/src/main/db-path.ts": {"lines":{"total":4,"covered":4,"skipped":0,"pct":100},"functions":{"total":1,"covered":1,"skipped":0,"pct":100},"statements":{"total":6,"covered":6,"skipped":0,"pct":100},"branches":{"total":8,"covered":8,"skipped":0,"pct":100}}
,"/Users/william/fritt-bokforing/src/main/db.ts": {"lines":{"total":67,"covered":46,"skipped":0,"pct":68.65},"functions":{"total":11,"covered":5,"skipped":0,"pct":45.45},"statements":{"total":71,"covered":49,"skipped":0,"pct":69.01},"branches":{"total":29,"covered":21,"skipped":0,"pct":72.41}}
,"/Users/william/fritt-bokforing/src/main/ipc-schemas.ts": {"lines":{"total":0,"covered":0,"skipped":0,"pct":100},"functions":{"total":0,"covered":0,"skipped":0,"pct":100},"statements":{"total":0,"covered":0,"skipped":0,"pct":100},"branches":{"total":0,"covered":0,"skipped":0,"pct":100}}
,"/Users/william/fritt-bokforing/src/main/migrations.ts": {"lines":{"total":452,"covered":380,"skipped":0,"pct":84.07},"functions":{"total":50,"covered":46,"skipped":0,"pct":92},"statements":{"total":477,"covered":391,"skipped":0,"pct":81.97},"branches":{"total":191,"covered":108,"skipped":0,"pct":56.54}}
,"/Users/william/fritt-bokforing/src/main/pre-update-backup.ts": {"lines":{"total":9,"covered":8,"skipped":0,"pct":88.88},"functions":{"total":1,"covered":1,"skipped":0,"pct":100},"statements":{"total":9,"covered":8,"skipped":0,"pct":88.88},"branches":{"total":2,"covered":1,"skipped":0,"pct":50}}
,"/Users/william/fritt-bokforing/src/main/auth/auth-handlers.ts": {"lines":{"total":112,"covered":96,"skipped":0,"pct":85.71},"functions":{"total":21,"covered":16,"skipped":0,"pct":76.19},"statements":{"total":116,"covered":98,"skipped":0,"pct":84.48},"branches":{"total":37,"covered":26,"skipped":0,"pct":70.27}}
,"/Users/william/fritt-bokforing/src/main/auth/auth-service.ts": {"lines":{"total":88,"covered":86,"skipped":0,"pct":97.72},"functions":{"total":13,"covered":11,"skipped":0,"pct":84.61},"statements":{"total":93,"covered":90,"skipped":0,"pct":96.77},"branches":{"total":22,"covered":20,"skipped":0,"pct":90.9}}
,"/Users/william/fritt-bokforing/src/main/auth/crypto.ts": {"lines":{"total":36,"covered":35,"skipped":0,"pct":97.22},"functions":{"total":5,"covered":5,"skipped":0,"pct":100},"statements":{"total":37,"covered":36,"skipped":0,"pct":97.29},"branches":{"total":10,"covered":9,"skipped":0,"pct":90}}
,"/Users/william/fritt-bokforing/src/main/auth/key-store.ts": {"lines":{"total":42,"covered":42,"skipped":0,"pct":100},"functions":{"total":16,"covered":16,"skipped":0,"pct":100},"statements":{"total":50,"covered":50,"skipped":0,"pct":100},"branches":{"total":25,"covered":25,"skipped":0,"pct":100}}
,"/Users/william/fritt-bokforing/src/main/auth/legacy-migration.ts": {"lines":{"total":55,"covered":47,"skipped":0,"pct":85.45},"functions":{"total":6,"covered":6,"skipped":0,"pct":100},"statements":{"total":56,"covered":48,"skipped":0,"pct":85.71},"branches":{"total":19,"covered":16,"skipped":0,"pct":84.21}}
,"/Users/william/fritt-bokforing/src/main/auth/rate-limiter.ts": {"lines":{"total":28,"covered":28,"skipped":0,"pct":100},"functions":{"total":7,"covered":7,"skipped":0,"pct":100},"statements":{"total":30,"covered":30,"skipped":0,"pct":100},"branches":{"total":10,"covered":10,"skipped":0,"pct":100}}
,"/Users/william/fritt-bokforing/src/main/auth/recovery-key.ts": {"lines":{"total":11,"covered":11,"skipped":0,"pct":100},"functions":{"total":3,"covered":3,"skipped":0,"pct":100},"statements":{"total":13,"covered":13,"skipped":0,"pct":100},"branches":{"total":4,"covered":4,"skipped":0,"pct":100}}
,"/Users/william/fritt-bokforing/src/main/auth/user-vault.ts": {"lines":{"total":64,"covered":64,"skipped":0,"pct":100},"functions":{"total":18,"covered":18,"skipped":0,"pct":100},"statements":{"total":73,"covered":73,"skipped":0,"pct":100},"branches":{"total":24,"covered":23,"skipped":0,"pct":95.83}}
,"/Users/william/fritt-bokforing/src/main/ipc/wrap-ipc-handler.ts": {"lines":{"total":22,"covered":22,"skipped":0,"pct":100},"functions":{"total":4,"covered":4,"skipped":0,"pct":100},"statements":{"total":22,"covered":22,"skipped":0,"pct":100},"branches":{"total":24,"covered":22,"skipped":0,"pct":91.66}}
,"/Users/william/fritt-bokforing/src/main/services/account-service.ts": {"lines":{"total":63,"covered":58,"skipped":0,"pct":92.06},"functions":{"total":8,"covered":8,"skipped":0,"pct":100},"statements":{"total":71,"covered":66,"skipped":0,"pct":92.95},"branches":{"total":66,"covered":60,"skipped":0,"pct":90.9}}
,"/Users/william/fritt-bokforing/src/main/services/account-statement-service.ts": {"lines":{"total":13,"covered":13,"skipped":0,"pct":100},"functions":{"total":2,"covered":2,"skipped":0,"pct":100},"statements":{"total":13,"covered":13,"skipped":0,"pct":100},"branches":{"total":6,"covered":5,"skipped":0,"pct":83.33}}
,"/Users/william/fritt-bokforing/src/main/services/accrual-service.ts": {"lines":{"total":91,"covered":83,"skipped":0,"pct":91.2},"functions":{"total":12,"covered":12,"skipped":0,"pct":100},"statements":{"total":94,"covered":86,"skipped":0,"pct":91.48},"branches":{"total":46,"covered":33,"skipped":0,"pct":71.73}}
,"/Users/william/fritt-bokforing/src/main/services/aging-service.ts": {"lines":{"total":25,"covered":25,"skipped":0,"pct":100},"functions":{"total":7,"covered":7,"skipped":0,"pct":100},"statements":{"total":28,"covered":28,"skipped":0,"pct":100},"branches":{"total":10,"covered":8,"skipped":0,"pct":80}}
,"/Users/william/fritt-bokforing/src/main/services/backup-service.ts": {"lines":{"total":97,"covered":6,"skipped":0,"pct":6.18},"functions":{"total":4,"covered":1,"skipped":0,"pct":25},"statements":{"total":103,"covered":7,"skipped":0,"pct":6.79},"branches":{"total":49,"covered":5,"skipped":0,"pct":10.2}}
,"/Users/william/fritt-bokforing/src/main/services/budget-service.ts": {"lines":{"total":52,"covered":52,"skipped":0,"pct":100},"functions":{"total":11,"covered":11,"skipped":0,"pct":100},"statements":{"total":57,"covered":57,"skipped":0,"pct":100},"branches":{"total":20,"covered":19,"skipped":0,"pct":95}}
,"/Users/william/fritt-bokforing/src/main/services/cash-flow-service.ts": {"lines":{"total":48,"covered":47,"skipped":0,"pct":97.91},"functions":{"total":10,"covered":10,"skipped":0,"pct":100},"statements":{"total":50,"covered":47,"skipped":0,"pct":94},"branches":{"total":8,"covered":5,"skipped":0,"pct":62.5}}
,"/Users/william/fritt-bokforing/src/main/services/chronology-guard.ts": {"lines":{"total":5,"covered":5,"skipped":0,"pct":100},"functions":{"total":1,"covered":1,"skipped":0,"pct":100},"statements":{"total":5,"covered":5,"skipped":0,"pct":100},"branches":{"total":6,"covered":6,"skipped":0,"pct":100}}
,"/Users/william/fritt-bokforing/src/main/services/company-service.ts": {"lines":{"total":81,"covered":67,"skipped":0,"pct":82.71},"functions":{"total":12,"covered":11,"skipped":0,"pct":91.66},"statements":{"total":84,"covered":70,"skipped":0,"pct":83.33},"branches":{"total":39,"covered":22,"skipped":0,"pct":56.41}}
,"/Users/william/fritt-bokforing/src/main/services/correction-service.ts": {"lines":{"total":60,"covered":57,"skipped":0,"pct":95},"functions":{"total":4,"covered":4,"skipped":0,"pct":100},"statements":{"total":60,"covered":57,"skipped":0,"pct":95},"branches":{"total":35,"covered":29,"skipped":0,"pct":82.85}}
,"/Users/william/fritt-bokforing/src/main/services/counterparty-service.ts": {"lines":{"total":86,"covered":67,"skipped":0,"pct":77.9},"functions":{"total":9,"covered":8,"skipped":0,"pct":88.88},"statements":{"total":88,"covered":68,"skipped":0,"pct":77.27},"branches":{"total":77,"covered":54,"skipped":0,"pct":70.12}}
,"/Users/william/fritt-bokforing/src/main/services/dashboard-service.ts": {"lines":{"total":7,"covered":7,"skipped":0,"pct":100},"functions":{"total":2,"covered":2,"skipped":0,"pct":100},"statements":{"total":7,"covered":7,"skipped":0,"pct":100},"branches":{"total":0,"covered":0,"skipped":0,"pct":100}}
,"/Users/william/fritt-bokforing/src/main/services/depreciation-service.ts": {"lines":{"total":264,"covered":237,"skipped":0,"pct":89.77},"functions":{"total":29,"covered":28,"skipped":0,"pct":96.55},"statements":{"total":277,"covered":249,"skipped":0,"pct":89.89},"branches":{"total":179,"covered":131,"skipped":0,"pct":73.18}}
,"/Users/william/fritt-bokforing/src/main/services/error-helpers.ts": {"lines":{"total":13,"covered":13,"skipped":0,"pct":100},"functions":{"total":2,"covered":2,"skipped":0,"pct":100},"statements":{"total":15,"covered":15,"skipped":0,"pct":100},"branches":{"total":12,"covered":11,"skipped":0,"pct":91.66}}
,"/Users/william/fritt-bokforing/src/main/services/expense-service.ts": {"lines":{"total":350,"covered":292,"skipped":0,"pct":83.42},"functions":{"total":30,"covered":27,"skipped":0,"pct":90},"statements":{"total":359,"covered":298,"skipped":0,"pct":83},"branches":{"total":248,"covered":181,"skipped":0,"pct":72.98}}
,"/Users/william/fritt-bokforing/src/main/services/fiscal-service.ts": {"lines":{"total":79,"covered":63,"skipped":0,"pct":79.74},"functions":{"total":9,"covered":9,"skipped":0,"pct":100},"statements":{"total":79,"covered":63,"skipped":0,"pct":79.74},"branches":{"total":40,"covered":25,"skipped":0,"pct":62.5}}
,"/Users/william/fritt-bokforing/src/main/services/invoice-service.ts": {"lines":{"total":381,"covered":324,"skipped":0,"pct":85.03},"functions":{"total":42,"covered":41,"skipped":0,"pct":97.61},"statements":{"total":395,"covered":336,"skipped":0,"pct":85.06},"branches":{"total":252,"covered":186,"skipped":0,"pct":73.8}}
,"/Users/william/fritt-bokforing/src/main/services/manual-entry-service.ts": {"lines":{"total":111,"covered":101,"skipped":0,"pct":90.99},"functions":{"total":19,"covered":19,"skipped":0,"pct":100},"statements":{"total":113,"covered":103,"skipped":0,"pct":91.15},"branches":{"total":78,"covered":60,"skipped":0,"pct":76.92}}
,"/Users/william/fritt-bokforing/src/main/services/opening-balance-service.ts": {"lines":{"total":44,"covered":42,"skipped":0,"pct":95.45},"functions":{"total":5,"covered":5,"skipped":0,"pct":100},"statements":{"total":45,"covered":43,"skipped":0,"pct":95.55},"branches":{"total":16,"covered":13,"skipped":0,"pct":81.25}}
,"/Users/william/fritt-bokforing/src/main/services/product-service.ts": {"lines":{"total":96,"covered":79,"skipped":0,"pct":82.29},"functions":{"total":11,"covered":9,"skipped":0,"pct":81.81},"statements":{"total":97,"covered":79,"skipped":0,"pct":81.44},"branches":{"total":42,"covered":27,"skipped":0,"pct":64.28}}
,"/Users/william/fritt-bokforing/src/main/services/result-service.ts": {"lines":{"total":36,"covered":36,"skipped":0,"pct":100},"functions":{"total":13,"covered":13,"skipped":0,"pct":100},"statements":{"total":43,"covered":43,"skipped":0,"pct":100},"branches":{"total":22,"covered":12,"skipped":0,"pct":54.54}}
,"/Users/william/fritt-bokforing/src/main/services/search-service.ts": {"lines":{"total":98,"covered":94,"skipped":0,"pct":95.91},"functions":{"total":10,"covered":10,"skipped":0,"pct":100},"statements":{"total":106,"covered":101,"skipped":0,"pct":95.28},"branches":{"total":80,"covered":70,"skipped":0,"pct":87.5}}
,"/Users/william/fritt-bokforing/src/main/services/tax-service.ts": {"lines":{"total":25,"covered":25,"skipped":0,"pct":100},"functions":{"total":2,"covered":2,"skipped":0,"pct":100},"statements":{"total":25,"covered":25,"skipped":0,"pct":100},"branches":{"total":2,"covered":2,"skipped":0,"pct":100}}
,"/Users/william/fritt-bokforing/src/main/services/vat-report-service.ts": {"lines":{"total":37,"covered":36,"skipped":0,"pct":97.29},"functions":{"total":12,"covered":12,"skipped":0,"pct":100},"statements":{"total":42,"covered":41,"skipped":0,"pct":97.61},"branches":{"total":10,"covered":9,"skipped":0,"pct":90}}
,"/Users/william/fritt-bokforing/src/main/services/vat-service.ts": {"lines":{"total":7,"covered":6,"skipped":0,"pct":85.71},"functions":{"total":1,"covered":1,"skipped":0,"pct":100},"statements":{"total":7,"covered":6,"skipped":0,"pct":85.71},"branches":{"total":4,"covered":3,"skipped":0,"pct":75}}
,"/Users/william/fritt-bokforing/src/main/services/bank/bank-fee-classifier.ts": {"lines":{"total":57,"covered":56,"skipped":0,"pct":98.24},"functions":{"total":6,"covered":6,"skipped":0,"pct":100},"statements":{"total":63,"covered":62,"skipped":0,"pct":98.41},"branches":{"total":49,"covered":45,"skipped":0,"pct":91.83}}
,"/Users/william/fritt-bokforing/src/main/services/bank/bank-fee-entry-service.ts": {"lines":{"total":53,"covered":32,"skipped":0,"pct":60.37},"functions":{"total":3,"covered":1,"skipped":0,"pct":33.33},"statements":{"total":53,"covered":32,"skipped":0,"pct":60.37},"branches":{"total":31,"covered":16,"skipped":0,"pct":51.61}}
,"/Users/william/fritt-bokforing/src/main/services/bank/bank-match-service.ts": {"lines":{"total":41,"covered":30,"skipped":0,"pct":73.17},"functions":{"total":2,"covered":2,"skipped":0,"pct":100},"statements":{"total":41,"covered":30,"skipped":0,"pct":73.17},"branches":{"total":44,"covered":29,"skipped":0,"pct":65.9}}
,"/Users/william/fritt-bokforing/src/main/services/bank/bank-match-suggester.ts": {"lines":{"total":107,"covered":93,"skipped":0,"pct":86.91},"functions":{"total":10,"covered":10,"skipped":0,"pct":100},"statements":{"total":116,"covered":100,"skipped":0,"pct":86.2},"branches":{"total":79,"covered":64,"skipped":0,"pct":81.01}}
,"/Users/william/fritt-bokforing/src/main/services/bank/bank-statement-service.ts": {"lines":{"total":67,"covered":51,"skipped":0,"pct":76.11},"functions":{"total":7,"covered":7,"skipped":0,"pct":100},"statements":{"total":68,"covered":51,"skipped":0,"pct":75},"branches":{"total":56,"covered":37,"skipped":0,"pct":66.07}}
,"/Users/william/fritt-bokforing/src/main/services/bank/bank-tx-mapping-service.ts": {"lines":{"total":41,"covered":34,"skipped":0,"pct":82.92},"functions":{"total":4,"covered":4,"skipped":0,"pct":100},"statements":{"total":41,"covered":34,"skipped":0,"pct":82.92},"branches":{"total":21,"covered":14,"skipped":0,"pct":66.66}}
,"/Users/william/fritt-bokforing/src/main/services/bank/bank-unmatch-service.ts": {"lines":{"total":114,"covered":99,"skipped":0,"pct":86.84},"functions":{"total":12,"covered":12,"skipped":0,"pct":100},"statements":{"total":114,"covered":99,"skipped":0,"pct":86.84},"branches":{"total":86,"covered":67,"skipped":0,"pct":77.9}}
,"/Users/william/fritt-bokforing/src/main/services/bank/bgmax-parser.ts": {"lines":{"total":78,"covered":73,"skipped":0,"pct":93.58},"functions":{"total":9,"covered":9,"skipped":0,"pct":100},"statements":{"total":84,"covered":77,"skipped":0,"pct":91.66},"branches":{"total":47,"covered":36,"skipped":0,"pct":76.59}}
,"/Users/william/fritt-bokforing/src/main/services/bank/camt053-parser.ts": {"lines":{"total":107,"covered":96,"skipped":0,"pct":89.71},"functions":{"total":10,"covered":9,"skipped":0,"pct":90},"statements":{"total":118,"covered":105,"skipped":0,"pct":88.98},"branches":{"total":93,"covered":70,"skipped":0,"pct":75.26}}
,"/Users/william/fritt-bokforing/src/main/services/bank/camt054-parser.ts": {"lines":{"total":32,"covered":25,"skipped":0,"pct":78.12},"functions":{"total":1,"covered":1,"skipped":0,"pct":100},"statements":{"total":33,"covered":26,"skipped":0,"pct":78.78},"branches":{"total":20,"covered":11,"skipped":0,"pct":55}}
,"/Users/william/fritt-bokforing/src/main/services/bank/iban-bank-registry.ts": {"lines":{"total":15,"covered":15,"skipped":0,"pct":100},"functions":{"total":2,"covered":2,"skipped":0,"pct":100},"statements":{"total":18,"covered":18,"skipped":0,"pct":100},"branches":{"total":14,"covered":14,"skipped":0,"pct":100}}
,"/Users/william/fritt-bokforing/src/main/services/bank/mt940-bktxcd-mapping.ts": {"lines":{"total":1,"covered":1,"skipped":0,"pct":100},"functions":{"total":0,"covered":0,"skipped":0,"pct":100},"statements":{"total":1,"covered":1,"skipped":0,"pct":100},"branches":{"total":0,"covered":0,"skipped":0,"pct":100}}
,"/Users/william/fritt-bokforing/src/main/services/bank/mt940-parser.ts": {"lines":{"total":126,"covered":120,"skipped":0,"pct":95.23},"functions":{"total":10,"covered":10,"skipped":0,"pct":100},"statements":{"total":128,"covered":122,"skipped":0,"pct":95.31},"branches":{"total":98,"covered":79,"skipped":0,"pct":80.61}}
,"/Users/william/fritt-bokforing/src/main/services/excel/excel-export-service.ts": {"lines":{"total":193,"covered":192,"skipped":0,"pct":99.48},"functions":{"total":19,"covered":19,"skipped":0,"pct":100},"statements":{"total":201,"covered":198,"skipped":0,"pct":98.5},"branches":{"total":108,"covered":97,"skipped":0,"pct":89.81}}
,"/Users/william/fritt-bokforing/src/main/services/export/export-data-queries.ts": {"lines":{"total":69,"covered":68,"skipped":0,"pct":98.55},"functions":{"total":19,"covered":18,"skipped":0,"pct":94.73},"statements":{"total":73,"covered":72,"skipped":0,"pct":98.63},"branches":{"total":26,"covered":25,"skipped":0,"pct":96.15}}
,"/Users/william/fritt-bokforing/src/main/services/payment/pain001-export-service.ts": {"lines":{"total":83,"covered":73,"skipped":0,"pct":87.95},"functions":{"total":7,"covered":7,"skipped":0,"pct":100},"statements":{"total":84,"covered":74,"skipped":0,"pct":88.09},"branches":{"total":31,"covered":19,"skipped":0,"pct":61.29}}
,"/Users/william/fritt-bokforing/src/main/services/pdf/invoice-pdf-service.ts": {"lines":{"total":161,"covered":159,"skipped":0,"pct":98.75},"functions":{"total":17,"covered":17,"skipped":0,"pct":100},"statements":{"total":168,"covered":165,"skipped":0,"pct":98.21},"branches":{"total":44,"covered":37,"skipped":0,"pct":84.09}}
,"/Users/william/fritt-bokforing/src/main/services/pdf/ocr.ts": {"lines":{"total":13,"covered":13,"skipped":0,"pct":100},"functions":{"total":1,"covered":1,"skipped":0,"pct":100},"statements":{"total":15,"covered":15,"skipped":0,"pct":100},"branches":{"total":4,"covered":4,"skipped":0,"pct":100}}
,"/Users/william/fritt-bokforing/src/main/services/report/balance-queries.ts": {"lines":{"total":19,"covered":19,"skipped":0,"pct":100},"functions":{"total":9,"covered":9,"skipped":0,"pct":100},"statements":{"total":23,"covered":23,"skipped":0,"pct":100},"branches":{"total":6,"covered":5,"skipped":0,"pct":83.33}}
,"/Users/william/fritt-bokforing/src/main/services/report/k2-mapping.ts": {"lines":{"total":45,"covered":43,"skipped":0,"pct":95.55},"functions":{"total":13,"covered":13,"skipped":0,"pct":100},"statements":{"total":52,"covered":49,"skipped":0,"pct":94.23},"branches":{"total":16,"covered":12,"skipped":0,"pct":75}}
,"/Users/william/fritt-bokforing/src/main/services/report/report-service.ts": {"lines":{"total":43,"covered":43,"skipped":0,"pct":100},"functions":{"total":5,"covered":5,"skipped":0,"pct":100},"statements":{"total":46,"covered":46,"skipped":0,"pct":100},"branches":{"total":24,"covered":19,"skipped":0,"pct":79.16}}
,"/Users/william/fritt-bokforing/src/main/services/sie4/sie4-account-type-mapper.ts": {"lines":{"total":13,"covered":12,"skipped":0,"pct":92.3},"functions":{"total":1,"covered":1,"skipped":0,"pct":100},"statements":{"total":19,"covered":18,"skipped":0,"pct":94.73},"branches":{"total":23,"covered":22,"skipped":0,"pct":95.65}}
,"/Users/william/fritt-bokforing/src/main/services/sie4/sie4-amount-parser.ts": {"lines":{"total":11,"covered":11,"skipped":0,"pct":100},"functions":{"total":1,"covered":1,"skipped":0,"pct":100},"statements":{"total":12,"covered":12,"skipped":0,"pct":100},"branches":{"total":12,"covered":11,"skipped":0,"pct":91.66}}
,"/Users/william/fritt-bokforing/src/main/services/sie4/sie4-amount.ts": {"lines":{"total":8,"covered":8,"skipped":0,"pct":100},"functions":{"total":1,"covered":1,"skipped":0,"pct":100},"statements":{"total":9,"covered":9,"skipped":0,"pct":100},"branches":{"total":4,"covered":4,"skipped":0,"pct":100}}
,"/Users/william/fritt-bokforing/src/main/services/sie4/sie4-checksum.ts": {"lines":{"total":3,"covered":3,"skipped":0,"pct":100},"functions":{"total":1,"covered":1,"skipped":0,"pct":100},"statements":{"total":3,"covered":3,"skipped":0,"pct":100},"branches":{"total":0,"covered":0,"skipped":0,"pct":100}}
,"/Users/william/fritt-bokforing/src/main/services/sie4/sie4-export-service.ts": {"lines":{"total":118,"covered":117,"skipped":0,"pct":99.15},"functions":{"total":6,"covered":6,"skipped":0,"pct":100},"statements":{"total":123,"covered":122,"skipped":0,"pct":99.18},"branches":{"total":62,"covered":58,"skipped":0,"pct":93.54}}
,"/Users/william/fritt-bokforing/src/main/services/sie4/sie4-import-parser.ts": {"lines":{"total":128,"covered":127,"skipped":0,"pct":99.21},"functions":{"total":5,"covered":5,"skipped":0,"pct":100},"statements":{"total":136,"covered":133,"skipped":0,"pct":97.79},"branches":{"total":173,"covered":118,"skipped":0,"pct":68.2}}
,"/Users/william/fritt-bokforing/src/main/services/sie4/sie4-import-service.ts": {"lines":{"total":126,"covered":88,"skipped":0,"pct":69.84},"functions":{"total":10,"covered":9,"skipped":0,"pct":90},"statements":{"total":135,"covered":92,"skipped":0,"pct":68.14},"branches":{"total":86,"covered":52,"skipped":0,"pct":60.46}}
,"/Users/william/fritt-bokforing/src/main/services/sie4/sie4-import-validator.ts": {"lines":{"total":65,"covered":57,"skipped":0,"pct":87.69},"functions":{"total":10,"covered":9,"skipped":0,"pct":90},"statements":{"total":72,"covered":63,"skipped":0,"pct":87.5},"branches":{"total":47,"covered":40,"skipped":0,"pct":85.1}}
,"/Users/william/fritt-bokforing/src/main/services/sie5/account-type-mapper.ts": {"lines":{"total":15,"covered":14,"skipped":0,"pct":93.33},"functions":{"total":1,"covered":1,"skipped":0,"pct":100},"statements":{"total":20,"covered":19,"skipped":0,"pct":95},"branches":{"total":25,"covered":24,"skipped":0,"pct":96}}
,"/Users/william/fritt-bokforing/src/main/services/sie5/amount-conversion.ts": {"lines":{"total":7,"covered":7,"skipped":0,"pct":100},"functions":{"total":2,"covered":2,"skipped":0,"pct":100},"statements":{"total":7,"covered":7,"skipped":0,"pct":100},"branches":{"total":2,"covered":2,"skipped":0,"pct":100}}
,"/Users/william/fritt-bokforing/src/main/services/sie5/sie5-data-queries.ts": {"lines":{"total":0,"covered":0,"skipped":0,"pct":100},"functions":{"total":0,"covered":0,"skipped":0,"pct":100},"statements":{"total":0,"covered":0,"skipped":0,"pct":100},"branches":{"total":0,"covered":0,"skipped":0,"pct":100}}
,"/Users/william/fritt-bokforing/src/main/services/sie5/sie5-export-service.ts": {"lines":{"total":148,"covered":144,"skipped":0,"pct":97.29},"functions":{"total":9,"covered":9,"skipped":0,"pct":100},"statements":{"total":158,"covered":153,"skipped":0,"pct":96.83},"branches":{"total":72,"covered":62,"skipped":0,"pct":86.11}}
,"/Users/william/fritt-bokforing/src/main/utils/active-context.ts": {"lines":{"total":10,"covered":10,"skipped":0,"pct":100},"functions":{"total":2,"covered":2,"skipped":0,"pct":100},"statements":{"total":11,"covered":11,"skipped":0,"pct":100},"branches":{"total":8,"covered":8,"skipped":0,"pct":100}}
,"/Users/william/fritt-bokforing/src/main/utils/now.ts": {"lines":{"total":26,"covered":26,"skipped":0,"pct":100},"functions":{"total":4,"covered":4,"skipped":0,"pct":100},"statements":{"total":28,"covered":28,"skipped":0,"pct":100},"branches":{"total":10,"covered":9,"skipped":0,"pct":90}}
,"/Users/william/fritt-bokforing/src/renderer/App.tsx": {"lines":{"total":15,"covered":12,"skipped":0,"pct":80},"functions":{"total":3,"covered":2,"skipped":0,"pct":66.66},"statements":{"total":15,"covered":12,"skipped":0,"pct":80},"branches":{"total":11,"covered":9,"skipped":0,"pct":81.81}}
,"/Users/william/fritt-bokforing/src/renderer/components/accruals/CreateAccrualDialog.tsx": {"lines":{"total":34,"covered":11,"skipped":0,"pct":32.35},"functions":{"total":24,"covered":6,"skipped":0,"pct":25},"statements":{"total":44,"covered":12,"skipped":0,"pct":27.27},"branches":{"total":18,"covered":5,"skipped":0,"pct":27.77}}
,"/Users/william/fritt-bokforing/src/renderer/components/accruals/ScheduleCard.tsx": {"lines":{"total":7,"covered":6,"skipped":0,"pct":85.71},"functions":{"total":5,"covered":4,"skipped":0,"pct":80},"statements":{"total":8,"covered":7,"skipped":0,"pct":87.5},"branches":{"total":13,"covered":11,"skipped":0,"pct":84.61}}
,"/Users/william/fritt-bokforing/src/renderer/components/accruals/accrual-constants.ts": {"lines":{"total":6,"covered":4,"skipped":0,"pct":66.66},"functions":{"total":2,"covered":1,"skipped":0,"pct":50},"statements":{"total":6,"covered":4,"skipped":0,"pct":66.66},"branches":{"total":2,"covered":0,"skipped":0,"pct":0}}
,"/Users/william/fritt-bokforing/src/renderer/components/bank/SuggestedMatchesPanel.tsx": {"lines":{"total":67,"covered":55,"skipped":0,"pct":82.08},"functions":{"total":19,"covered":19,"skipped":0,"pct":100},"statements":{"total":74,"covered":57,"skipped":0,"pct":77.02},"branches":{"total":78,"covered":49,"skipped":0,"pct":62.82}}
,"/Users/william/fritt-bokforing/src/renderer/components/budget/BudgetInputGrid.tsx": {"lines":{"total":59,"covered":39,"skipped":0,"pct":66.1},"functions":{"total":17,"covered":13,"skipped":0,"pct":76.47},"statements":{"total":67,"covered":43,"skipped":0,"pct":64.17},"branches":{"total":36,"covered":24,"skipped":0,"pct":66.66}}
,"/Users/william/fritt-bokforing/src/renderer/components/budget/VarianceGrid.tsx": {"lines":{"total":16,"covered":16,"skipped":0,"pct":100},"functions":{"total":8,"covered":8,"skipped":0,"pct":100},"statements":{"total":18,"covered":17,"skipped":0,"pct":94.44},"branches":{"total":18,"covered":17,"skipped":0,"pct":94.44}}
,"/Users/william/fritt-bokforing/src/renderer/components/budget/budget-grid-utils.ts": {"lines":{"total":9,"covered":7,"skipped":0,"pct":77.77},"functions":{"total":4,"covered":4,"skipped":0,"pct":100},"statements":{"total":11,"covered":8,"skipped":0,"pct":72.72},"branches":{"total":4,"covered":1,"skipped":0,"pct":25}}
,"/Users/william/fritt-bokforing/src/renderer/components/customers/ContactList.tsx": {"lines":{"total":13,"covered":13,"skipped":0,"pct":100},"functions":{"total":4,"covered":4,"skipped":0,"pct":100},"statements":{"total":13,"covered":13,"skipped":0,"pct":100},"branches":{"total":13,"covered":12,"skipped":0,"pct":92.3}}
,"/Users/william/fritt-bokforing/src/renderer/components/customers/CustomerDetail.tsx": {"lines":{"total":18,"covered":14,"skipped":0,"pct":77.77},"functions":{"total":6,"covered":5,"skipped":0,"pct":83.33},"statements":{"total":18,"covered":14,"skipped":0,"pct":77.77},"branches":{"total":12,"covered":9,"skipped":0,"pct":75}}
,"/Users/william/fritt-bokforing/src/renderer/components/customers/CustomerForm.tsx": {"lines":{"total":22,"covered":20,"skipped":0,"pct":90.9},"functions":{"total":5,"covered":5,"skipped":0,"pct":100},"statements":{"total":22,"covered":20,"skipped":0,"pct":90.9},"branches":{"total":35,"covered":30,"skipped":0,"pct":85.71}}
,"/Users/william/fritt-bokforing/src/renderer/components/expenses/ExpenseDraftList.tsx": {"lines":{"total":9,"covered":9,"skipped":0,"pct":100},"functions":{"total":3,"covered":3,"skipped":0,"pct":100},"statements":{"total":9,"covered":9,"skipped":0,"pct":100},"branches":{"total":6,"covered":6,"skipped":0,"pct":100}}
,"/Users/william/fritt-bokforing/src/renderer/components/expenses/ExpenseForm.tsx": {"lines":{"total":81,"covered":78,"skipped":0,"pct":96.29},"functions":{"total":33,"covered":30,"skipped":0,"pct":90.9},"statements":{"total":87,"covered":82,"skipped":0,"pct":94.25},"branches":{"total":78,"covered":65,"skipped":0,"pct":83.33}}
,"/Users/william/fritt-bokforing/src/renderer/components/expenses/ExpenseLineRow.tsx": {"lines":{"total":15,"covered":15,"skipped":0,"pct":100},"functions":{"total":10,"covered":10,"skipped":0,"pct":100},"statements":{"total":16,"covered":16,"skipped":0,"pct":100},"branches":{"total":6,"covered":6,"skipped":0,"pct":100}}
,"/Users/william/fritt-bokforing/src/renderer/components/expenses/ExpenseList.tsx": {"lines":{"total":124,"covered":63,"skipped":0,"pct":50.8},"functions":{"total":37,"covered":13,"skipped":0,"pct":35.13},"statements":{"total":140,"covered":65,"skipped":0,"pct":46.42},"branches":{"total":117,"covered":63,"skipped":0,"pct":53.84}}
,"/Users/william/fritt-bokforing/src/renderer/components/expenses/ExpenseTotals.tsx": {"lines":{"total":10,"covered":10,"skipped":0,"pct":100},"functions":{"total":2,"covered":2,"skipped":0,"pct":100},"statements":{"total":10,"covered":10,"skipped":0,"pct":100},"branches":{"total":0,"covered":0,"skipped":0,"pct":100}}
,"/Users/william/fritt-bokforing/src/renderer/components/expenses/PayExpenseDialog.tsx": {"lines":{"total":23,"covered":11,"skipped":0,"pct":47.82},"functions":{"total":7,"covered":1,"skipped":0,"pct":14.28},"statements":{"total":24,"covered":11,"skipped":0,"pct":45.83},"branches":{"total":14,"covered":4,"skipped":0,"pct":28.57}}
,"/Users/william/fritt-bokforing/src/renderer/components/expenses/SupplierPicker.tsx": {"lines":{"total":55,"covered":42,"skipped":0,"pct":76.36},"functions":{"total":21,"covered":13,"skipped":0,"pct":61.9},"statements":{"total":59,"covered":44,"skipped":0,"pct":74.57},"branches":{"total":36,"covered":25,"skipped":0,"pct":69.44}}
,"/Users/william/fritt-bokforing/src/renderer/components/fixed-assets/DisposeDialog.tsx": {"lines":{"total":16,"covered":0,"skipped":0,"pct":0},"functions":{"total":8,"covered":0,"skipped":0,"pct":0},"statements":{"total":16,"covered":0,"skipped":0,"pct":0},"branches":{"total":13,"covered":0,"skipped":0,"pct":0}}
,"/Users/william/fritt-bokforing/src/renderer/components/fixed-assets/FixedAssetDetailPanel.tsx": {"lines":{"total":10,"covered":1,"skipped":0,"pct":10},"functions":{"total":3,"covered":0,"skipped":0,"pct":0},"statements":{"total":10,"covered":1,"skipped":0,"pct":10},"branches":{"total":19,"covered":0,"skipped":0,"pct":0}}
,"/Users/william/fritt-bokforing/src/renderer/components/fixed-assets/FixedAssetFormDialog.tsx": {"lines":{"total":88,"covered":55,"skipped":0,"pct":62.5},"functions":{"total":28,"covered":18,"skipped":0,"pct":64.28},"statements":{"total":92,"covered":55,"skipped":0,"pct":59.78},"branches":{"total":94,"covered":76,"skipped":0,"pct":80.85}}
,"/Users/william/fritt-bokforing/src/renderer/components/import/ImportDonePhase.tsx": {"lines":{"total":2,"covered":0,"skipped":0,"pct":0},"functions":{"total":2,"covered":0,"skipped":0,"pct":0},"statements":{"total":2,"covered":0,"skipped":0,"pct":0},"branches":{"total":4,"covered":0,"skipped":0,"pct":0}}
,"/Users/william/fritt-bokforing/src/renderer/components/import/ImportPreviewPhase.tsx": {"lines":{"total":14,"covered":10,"skipped":0,"pct":71.42},"functions":{"total":9,"covered":5,"skipped":0,"pct":55.55},"statements":{"total":14,"covered":10,"skipped":0,"pct":71.42},"branches":{"total":38,"covered":32,"skipped":0,"pct":84.21}}
,"/Users/william/fritt-bokforing/src/renderer/components/import/ImportSelectPhase.tsx": {"lines":{"total":1,"covered":0,"skipped":0,"pct":0},"functions":{"total":1,"covered":0,"skipped":0,"pct":0},"statements":{"total":1,"covered":0,"skipped":0,"pct":0},"branches":{"total":0,"covered":0,"skipped":0,"pct":100}}
,"/Users/william/fritt-bokforing/src/renderer/components/invoices/ArticlePicker.tsx": {"lines":{"total":42,"covered":40,"skipped":0,"pct":95.23},"functions":{"total":15,"covered":13,"skipped":0,"pct":86.66},"statements":{"total":45,"covered":43,"skipped":0,"pct":95.55},"branches":{"total":28,"covered":24,"skipped":0,"pct":85.71}}
,"/Users/william/fritt-bokforing/src/renderer/components/invoices/CustomerPicker.tsx": {"lines":{"total":35,"covered":29,"skipped":0,"pct":82.85},"functions":{"total":15,"covered":12,"skipped":0,"pct":80},"statements":{"total":38,"covered":31,"skipped":0,"pct":81.57},"branches":{"total":23,"covered":17,"skipped":0,"pct":73.91}}
,"/Users/william/fritt-bokforing/src/renderer/components/invoices/DraftList.tsx": {"lines":{"total":9,"covered":9,"skipped":0,"pct":100},"functions":{"total":3,"covered":3,"skipped":0,"pct":100},"statements":{"total":9,"covered":9,"skipped":0,"pct":100},"branches":{"total":6,"covered":6,"skipped":0,"pct":100}}
,"/Users/william/fritt-bokforing/src/renderer/components/invoices/InvoiceForm.tsx": {"lines":{"total":67,"covered":61,"skipped":0,"pct":91.04},"functions":{"total":28,"covered":24,"skipped":0,"pct":85.71},"statements":{"total":72,"covered":64,"skipped":0,"pct":88.88},"branches":{"total":58,"covered":48,"skipped":0,"pct":82.75}}
,"/Users/william/fritt-bokforing/src/renderer/components/invoices/InvoiceLineRow.tsx": {"lines":{"total":20,"covered":13,"skipped":0,"pct":65},"functions":{"total":11,"covered":9,"skipped":0,"pct":81.81},"statements":{"total":21,"covered":14,"skipped":0,"pct":66.66},"branches":{"total":14,"covered":9,"skipped":0,"pct":64.28}}
,"/Users/william/fritt-bokforing/src/renderer/components/invoices/InvoiceList.tsx": {"lines":{"total":160,"covered":84,"skipped":0,"pct":52.5},"functions":{"total":46,"covered":25,"skipped":0,"pct":54.34},"statements":{"total":178,"covered":87,"skipped":0,"pct":48.87},"branches":{"total":135,"covered":71,"skipped":0,"pct":52.59}}
,"/Users/william/fritt-bokforing/src/renderer/components/invoices/InvoiceTotals.tsx": {"lines":{"total":14,"covered":14,"skipped":0,"pct":100},"functions":{"total":7,"covered":7,"skipped":0,"pct":100},"statements":{"total":17,"covered":17,"skipped":0,"pct":100},"branches":{"total":4,"covered":4,"skipped":0,"pct":100}}
,"/Users/william/fritt-bokforing/src/renderer/components/layout/CompanySwitcher.tsx": {"lines":{"total":18,"covered":5,"skipped":0,"pct":27.77},"functions":{"total":10,"covered":1,"skipped":0,"pct":10},"statements":{"total":21,"covered":6,"skipped":0,"pct":28.57},"branches":{"total":10,"covered":3,"skipped":0,"pct":30}}
,"/Users/william/fritt-bokforing/src/renderer/components/layout/CreateFiscalYearDialog.tsx": {"lines":{"total":43,"covered":22,"skipped":0,"pct":51.16},"functions":{"total":10,"covered":3,"skipped":0,"pct":30},"statements":{"total":44,"covered":23,"skipped":0,"pct":52.27},"branches":{"total":41,"covered":17,"skipped":0,"pct":41.46}}
,"/Users/william/fritt-bokforing/src/renderer/components/layout/EntityListPage.tsx": {"lines":{"total":24,"covered":18,"skipped":0,"pct":75},"functions":{"total":9,"covered":3,"skipped":0,"pct":33.33},"statements":{"total":26,"covered":18,"skipped":0,"pct":69.23},"branches":{"total":36,"covered":28,"skipped":0,"pct":77.77}}
,"/Users/william/fritt-bokforing/src/renderer/components/layout/GlobalSearch.tsx": {"lines":{"total":83,"covered":73,"skipped":0,"pct":87.95},"functions":{"total":20,"covered":19,"skipped":0,"pct":95},"statements":{"total":90,"covered":78,"skipped":0,"pct":86.66},"branches":{"total":61,"covered":45,"skipped":0,"pct":73.77}}
,"/Users/william/fritt-bokforing/src/renderer/components/layout/MonthIndicator.tsx": {"lines":{"total":9,"covered":9,"skipped":0,"pct":100},"functions":{"total":6,"covered":6,"skipped":0,"pct":100},"statements":{"total":11,"covered":11,"skipped":0,"pct":100},"branches":{"total":7,"covered":7,"skipped":0,"pct":100}}
,"/Users/william/fritt-bokforing/src/renderer/components/layout/PageHeader.tsx": {"lines":{"total":2,"covered":2,"skipped":0,"pct":100},"functions":{"total":1,"covered":1,"skipped":0,"pct":100},"statements":{"total":2,"covered":2,"skipped":0,"pct":100},"branches":{"total":2,"covered":2,"skipped":0,"pct":100}}
,"/Users/william/fritt-bokforing/src/renderer/components/layout/ReadOnlyBanner.tsx": {"lines":{"total":4,"covered":0,"skipped":0,"pct":0},"functions":{"total":1,"covered":0,"skipped":0,"pct":0},"statements":{"total":5,"covered":0,"skipped":0,"pct":0},"branches":{"total":4,"covered":0,"skipped":0,"pct":0}}
,"/Users/william/fritt-bokforing/src/renderer/components/layout/Sidebar.tsx": {"lines":{"total":5,"covered":3,"skipped":0,"pct":60},"functions":{"total":4,"covered":3,"skipped":0,"pct":75},"statements":{"total":5,"covered":3,"skipped":0,"pct":60},"branches":{"total":2,"covered":2,"skipped":0,"pct":100}}
,"/Users/william/fritt-bokforing/src/renderer/components/layout/SkipLinks.tsx": {"lines":{"total":12,"covered":12,"skipped":0,"pct":100},"functions":{"total":5,"covered":5,"skipped":0,"pct":100},"statements":{"total":13,"covered":13,"skipped":0,"pct":100},"branches":{"total":6,"covered":5,"skipped":0,"pct":83.33}}
,"/Users/william/fritt-bokforing/src/renderer/components/layout/YearPicker.tsx": {"lines":{"total":17,"covered":9,"skipped":0,"pct":52.94},"functions":{"total":6,"covered":3,"skipped":0,"pct":50},"statements":{"total":20,"covered":11,"skipped":0,"pct":55},"branches":{"total":16,"covered":12,"skipped":0,"pct":75}}
,"/Users/william/fritt-bokforing/src/renderer/components/manual-entries/ManualEntryForm.tsx": {"lines":{"total":68,"covered":34,"skipped":0,"pct":50},"functions":{"total":25,"covered":8,"skipped":0,"pct":32},"statements":{"total":71,"covered":35,"skipped":0,"pct":49.29},"branches":{"total":61,"covered":28,"skipped":0,"pct":45.9}}
,"/Users/william/fritt-bokforing/src/renderer/components/manual-entries/ManualEntryList.tsx": {"lines":{"total":9,"covered":9,"skipped":0,"pct":100},"functions":{"total":5,"covered":5,"skipped":0,"pct":100},"statements":{"total":9,"covered":9,"skipped":0,"pct":100},"branches":{"total":24,"covered":20,"skipped":0,"pct":83.33}}
,"/Users/william/fritt-bokforing/src/renderer/components/overview/MetricCard.tsx": {"lines":{"total":5,"covered":5,"skipped":0,"pct":100},"functions":{"total":1,"covered":1,"skipped":0,"pct":100},"statements":{"total":5,"covered":5,"skipped":0,"pct":100},"branches":{"total":16,"covered":15,"skipped":0,"pct":93.75}}
,"/Users/william/fritt-bokforing/src/renderer/components/overview/PeriodList.tsx": {"lines":{"total":26,"covered":21,"skipped":0,"pct":80.76},"functions":{"total":12,"covered":8,"skipped":0,"pct":66.66},"statements":{"total":29,"covered":24,"skipped":0,"pct":82.75},"branches":{"total":19,"covered":19,"skipped":0,"pct":100}}
,"/Users/william/fritt-bokforing/src/renderer/components/overview/ReTransferButton.tsx": {"lines":{"total":9,"covered":0,"skipped":0,"pct":0},"functions":{"total":4,"covered":0,"skipped":0,"pct":0},"statements":{"total":9,"covered":0,"skipped":0,"pct":0},"branches":{"total":10,"covered":0,"skipped":0,"pct":0}}
,"/Users/william/fritt-bokforing/src/renderer/components/products/CustomerPriceTable.tsx": {"lines":{"total":38,"covered":11,"skipped":0,"pct":28.94},"functions":{"total":12,"covered":2,"skipped":0,"pct":16.66},"statements":{"total":38,"covered":11,"skipped":0,"pct":28.94},"branches":{"total":21,"covered":2,"skipped":0,"pct":9.52}}
,"/Users/william/fritt-bokforing/src/renderer/components/products/ProductDetail.tsx": {"lines":{"total":18,"covered":12,"skipped":0,"pct":66.66},"functions":{"total":6,"covered":4,"skipped":0,"pct":66.66},"statements":{"total":18,"covered":12,"skipped":0,"pct":66.66},"branches":{"total":12,"covered":8,"skipped":0,"pct":66.66}}
,"/Users/william/fritt-bokforing/src/renderer/components/products/ProductForm.tsx": {"lines":{"total":40,"covered":38,"skipped":0,"pct":95},"functions":{"total":14,"covered":14,"skipped":0,"pct":100},"statements":{"total":42,"covered":39,"skipped":0,"pct":92.85},"branches":{"total":34,"covered":27,"skipped":0,"pct":79.41}}
,"/Users/william/fritt-bokforing/src/renderer/components/products/ProductList.tsx": {"lines":{"total":12,"covered":12,"skipped":0,"pct":100},"functions":{"total":4,"covered":4,"skipped":0,"pct":100},"statements":{"total":12,"covered":12,"skipped":0,"pct":100},"branches":{"total":11,"covered":10,"skipped":0,"pct":90.9}}
,"/Users/william/fritt-bokforing/src/renderer/components/reports/BalanceSheetView.tsx": {"lines":{"total":18,"covered":13,"skipped":0,"pct":72.22},"functions":{"total":12,"covered":7,"skipped":0,"pct":58.33},"statements":{"total":22,"covered":14,"skipped":0,"pct":63.63},"branches":{"total":34,"covered":21,"skipped":0,"pct":61.76}}
,"/Users/william/fritt-bokforing/src/renderer/components/reports/CashFlowView.tsx": {"lines":{"total":5,"covered":5,"skipped":0,"pct":100},"functions":{"total":3,"covered":3,"skipped":0,"pct":100},"statements":{"total":5,"covered":5,"skipped":0,"pct":100},"branches":{"total":4,"covered":4,"skipped":0,"pct":100}}
,"/Users/william/fritt-bokforing/src/renderer/components/reports/IncomeStatementView.tsx": {"lines":{"total":16,"covered":11,"skipped":0,"pct":68.75},"functions":{"total":11,"covered":6,"skipped":0,"pct":54.54},"statements":{"total":20,"covered":12,"skipped":0,"pct":60},"branches":{"total":30,"covered":17,"skipped":0,"pct":56.66}}
,"/Users/william/fritt-bokforing/src/renderer/components/settings/SecuritySection.tsx": {"lines":{"total":82,"covered":76,"skipped":0,"pct":92.68},"functions":{"total":17,"covered":16,"skipped":0,"pct":94.11},"statements":{"total":84,"covered":77,"skipped":0,"pct":91.66},"branches":{"total":52,"covered":47,"skipped":0,"pct":90.38}}
,"/Users/william/fritt-bokforing/src/renderer/components/ui/BatchPdfExportDialog.tsx": {"lines":{"total":10,"covered":2,"skipped":0,"pct":20},"functions":{"total":6,"covered":1,"skipped":0,"pct":16.66},"statements":{"total":13,"covered":2,"skipped":0,"pct":15.38},"branches":{"total":22,"covered":6,"skipped":0,"pct":27.27}}
,"/Users/william/fritt-bokforing/src/renderer/components/ui/BulkPaymentDialog.tsx": {"lines":{"total":35,"covered":23,"skipped":0,"pct":65.71},"functions":{"total":15,"covered":5,"skipped":0,"pct":33.33},"statements":{"total":40,"covered":24,"skipped":0,"pct":60},"branches":{"total":30,"covered":16,"skipped":0,"pct":53.33}}
,"/Users/william/fritt-bokforing/src/renderer/components/ui/BulkPaymentResultDialog.tsx": {"lines":{"total":35,"covered":10,"skipped":0,"pct":28.57},"functions":{"total":5,"covered":3,"skipped":0,"pct":60},"statements":{"total":37,"covered":11,"skipped":0,"pct":29.72},"branches":{"total":34,"covered":11,"skipped":0,"pct":32.35}}
,"/Users/william/fritt-bokforing/src/renderer/components/ui/ConfirmDialog.tsx": {"lines":{"total":3,"covered":3,"skipped":0,"pct":100},"functions":{"total":1,"covered":1,"skipped":0,"pct":100},"statements":{"total":3,"covered":3,"skipped":0,"pct":100},"branches":{"total":7,"covered":7,"skipped":0,"pct":100}}
,"/Users/william/fritt-bokforing/src/renderer/components/ui/ConfirmFinalizeDialog.tsx": {"lines":{"total":4,"covered":4,"skipped":0,"pct":100},"functions":{"total":3,"covered":3,"skipped":0,"pct":100},"statements":{"total":6,"covered":5,"skipped":0,"pct":83.33},"branches":{"total":8,"covered":7,"skipped":0,"pct":87.5}}
,"/Users/william/fritt-bokforing/src/renderer/components/ui/EmptyState.tsx": {"lines":{"total":6,"covered":4,"skipped":0,"pct":66.66},"functions":{"total":6,"covered":4,"skipped":0,"pct":66.66},"statements":{"total":6,"covered":4,"skipped":0,"pct":66.66},"branches":{"total":2,"covered":2,"skipped":0,"pct":100}}
,"/Users/william/fritt-bokforing/src/renderer/components/ui/ErrorFallback.tsx": {"lines":{"total":2,"covered":0,"skipped":0,"pct":0},"functions":{"total":1,"covered":0,"skipped":0,"pct":0},"statements":{"total":2,"covered":0,"skipped":0,"pct":0},"branches":{"total":2,"covered":0,"skipped":0,"pct":0}}
,"/Users/william/fritt-bokforing/src/renderer/components/ui/FormField.tsx": {"lines":{"total":7,"covered":7,"skipped":0,"pct":100},"functions":{"total":3,"covered":3,"skipped":0,"pct":100},"statements":{"total":7,"covered":7,"skipped":0,"pct":100},"branches":{"total":18,"covered":17,"skipped":0,"pct":94.44}}
,"/Users/william/fritt-bokforing/src/renderer/components/ui/FormSelect.tsx": {"lines":{"total":9,"covered":9,"skipped":0,"pct":100},"functions":{"total":3,"covered":3,"skipped":0,"pct":100},"statements":{"total":9,"covered":9,"skipped":0,"pct":100},"branches":{"total":14,"covered":12,"skipped":0,"pct":85.71}}
,"/Users/william/fritt-bokforing/src/renderer/components/ui/FormTextarea.tsx": {"lines":{"total":6,"covered":6,"skipped":0,"pct":100},"functions":{"total":2,"covered":2,"skipped":0,"pct":100},"statements":{"total":6,"covered":6,"skipped":0,"pct":100},"branches":{"total":16,"covered":12,"skipped":0,"pct":75}}
,"/Users/william/fritt-bokforing/src/renderer/components/ui/LoadingSpinner.tsx": {"lines":{"total":1,"covered":1,"skipped":0,"pct":100},"functions":{"total":1,"covered":1,"skipped":0,"pct":100},"statements":{"total":1,"covered":1,"skipped":0,"pct":100},"branches":{"total":2,"covered":2,"skipped":0,"pct":100}}
,"/Users/william/fritt-bokforing/src/renderer/components/ui/Pagination.tsx": {"lines":{"total":8,"covered":8,"skipped":0,"pct":100},"functions":{"total":3,"covered":3,"skipped":0,"pct":100},"statements":{"total":8,"covered":8,"skipped":0,"pct":100},"branches":{"total":3,"covered":3,"skipped":0,"pct":100}}
,"/Users/william/fritt-bokforing/src/renderer/components/ui/PaymentDialog.tsx": {"lines":{"total":40,"covered":31,"skipped":0,"pct":77.5},"functions":{"total":10,"covered":6,"skipped":0,"pct":60},"statements":{"total":43,"covered":31,"skipped":0,"pct":72.09},"branches":{"total":32,"covered":20,"skipped":0,"pct":62.5}}
,"/Users/william/fritt-bokforing/src/renderer/components/ui/Tooltip.tsx": {"lines":{"total":6,"covered":6,"skipped":0,"pct":100},"functions":{"total":3,"covered":3,"skipped":0,"pct":100},"statements":{"total":8,"covered":8,"skipped":0,"pct":100},"branches":{"total":4,"covered":4,"skipped":0,"pct":100}}
,"/Users/william/fritt-bokforing/src/renderer/components/wizard/StepCompany.tsx": {"lines":{"total":17,"covered":11,"skipped":0,"pct":64.7},"functions":{"total":8,"covered":3,"skipped":0,"pct":37.5},"statements":{"total":17,"covered":11,"skipped":0,"pct":64.7},"branches":{"total":25,"covered":23,"skipped":0,"pct":92}}
,"/Users/william/fritt-bokforing/src/renderer/components/wizard/StepConfirm.tsx": {"lines":{"total":17,"covered":15,"skipped":0,"pct":88.23},"functions":{"total":5,"covered":4,"skipped":0,"pct":80},"statements":{"total":19,"covered":16,"skipped":0,"pct":84.21},"branches":{"total":16,"covered":14,"skipped":0,"pct":87.5}}
,"/Users/william/fritt-bokforing/src/renderer/components/wizard/StepFiscalYear.tsx": {"lines":{"total":25,"covered":23,"skipped":0,"pct":92},"functions":{"total":9,"covered":7,"skipped":0,"pct":77.77},"statements":{"total":25,"covered":23,"skipped":0,"pct":92},"branches":{"total":16,"covered":13,"skipped":0,"pct":81.25}}
,"/Users/william/fritt-bokforing/src/renderer/contexts/ActiveCompanyContext.tsx": {"lines":{"total":31,"covered":30,"skipped":0,"pct":96.77},"functions":{"total":12,"covered":11,"skipped":0,"pct":91.66},"statements":{"total":36,"covered":35,"skipped":0,"pct":97.22},"branches":{"total":21,"covered":20,"skipped":0,"pct":95.23}}
,"/Users/william/fritt-bokforing/src/renderer/contexts/FiscalYearContext.tsx": {"lines":{"total":33,"covered":32,"skipped":0,"pct":96.96},"functions":{"total":13,"covered":12,"skipped":0,"pct":92.3},"statements":{"total":37,"covered":36,"skipped":0,"pct":97.29},"branches":{"total":22,"covered":21,"skipped":0,"pct":95.45}}
,"/Users/william/fritt-bokforing/src/renderer/contexts/SkipLinksContext.tsx": {"lines":{"total":11,"covered":11,"skipped":0,"pct":100},"functions":{"total":4,"covered":4,"skipped":0,"pct":100},"statements":{"total":11,"covered":11,"skipped":0,"pct":100},"branches":{"total":2,"covered":2,"skipped":0,"pct":100}}
,"/Users/william/fritt-bokforing/src/renderer/lib/a11y.ts": {"lines":{"total":6,"covered":2,"skipped":0,"pct":33.33},"functions":{"total":2,"covered":1,"skipped":0,"pct":50},"statements":{"total":6,"covered":2,"skipped":0,"pct":33.33},"branches":{"total":4,"covered":1,"skipped":0,"pct":25}}
,"/Users/william/fritt-bokforing/src/renderer/lib/format.ts": {"lines":{"total":13,"covered":11,"skipped":0,"pct":84.61},"functions":{"total":7,"covered":7,"skipped":0,"pct":100},"statements":{"total":15,"covered":13,"skipped":0,"pct":86.66},"branches":{"total":6,"covered":5,"skipped":0,"pct":83.33}}
,"/Users/william/fritt-bokforing/src/renderer/lib/hooks.ts": {"lines":{"total":231,"covered":144,"skipped":0,"pct":62.33},"functions":{"total":207,"covered":120,"skipped":0,"pct":57.97},"statements":{"total":231,"covered":144,"skipped":0,"pct":62.33},"branches":{"total":41,"covered":33,"skipped":0,"pct":80.48}}
,"/Users/william/fritt-bokforing/src/renderer/lib/ipc-helpers.ts": {"lines":{"total":8,"covered":8,"skipped":0,"pct":100},"functions":{"total":2,"covered":2,"skipped":0,"pct":100},"statements":{"total":8,"covered":8,"skipped":0,"pct":100},"branches":{"total":2,"covered":2,"skipped":0,"pct":100}}
,"/Users/william/fritt-bokforing/src/renderer/lib/manual-entry-calcs.ts": {"lines":{"total":7,"covered":7,"skipped":0,"pct":100},"functions":{"total":4,"covered":4,"skipped":0,"pct":100},"statements":{"total":8,"covered":8,"skipped":0,"pct":100},"branches":{"total":4,"covered":4,"skipped":0,"pct":100}}
,"/Users/william/fritt-bokforing/src/renderer/lib/query-keys.ts": {"lines":{"total":68,"covered":55,"skipped":0,"pct":80.88},"functions":{"total":67,"covered":54,"skipped":0,"pct":80.59},"statements":{"total":68,"covered":55,"skipped":0,"pct":80.88},"branches":{"total":20,"covered":19,"skipped":0,"pct":95}}
,"/Users/william/fritt-bokforing/src/renderer/lib/router.tsx": {"lines":{"total":58,"covered":53,"skipped":0,"pct":91.37},"functions":{"total":17,"covered":16,"skipped":0,"pct":94.11},"statements":{"total":65,"covered":58,"skipped":0,"pct":89.23},"branches":{"total":39,"covered":27,"skipped":0,"pct":69.23}}
,"/Users/william/fritt-bokforing/src/renderer/lib/routes.ts": {"lines":{"total":1,"covered":1,"skipped":0,"pct":100},"functions":{"total":0,"covered":0,"skipped":0,"pct":100},"statements":{"total":1,"covered":1,"skipped":0,"pct":100},"branches":{"total":0,"covered":0,"skipped":0,"pct":100}}
,"/Users/william/fritt-bokforing/src/renderer/lib/use-auth.ts": {"lines":{"total":32,"covered":30,"skipped":0,"pct":93.75},"functions":{"total":11,"covered":11,"skipped":0,"pct":100},"statements":{"total":34,"covered":31,"skipped":0,"pct":91.17},"branches":{"total":12,"covered":9,"skipped":0,"pct":75}}
,"/Users/william/fritt-bokforing/src/renderer/lib/use-combobox-keyboard.ts": {"lines":{"total":48,"covered":47,"skipped":0,"pct":97.91},"functions":{"total":9,"covered":9,"skipped":0,"pct":100},"statements":{"total":56,"covered":55,"skipped":0,"pct":98.21},"branches":{"total":42,"covered":39,"skipped":0,"pct":92.85}}
,"/Users/william/fritt-bokforing/src/renderer/lib/use-debounced-search.ts": {"lines":{"total":12,"covered":12,"skipped":0,"pct":100},"functions":{"total":5,"covered":5,"skipped":0,"pct":100},"statements":{"total":14,"covered":14,"skipped":0,"pct":100},"branches":{"total":5,"covered":4,"skipped":0,"pct":80}}
,"/Users/william/fritt-bokforing/src/renderer/lib/use-entity-form.ts": {"lines":{"total":51,"covered":51,"skipped":0,"pct":100},"functions":{"total":8,"covered":8,"skipped":0,"pct":100},"statements":{"total":53,"covered":53,"skipped":0,"pct":100},"branches":{"total":14,"covered":12,"skipped":0,"pct":85.71}}
,"/Users/william/fritt-bokforing/src/renderer/lib/use-filter-param.ts": {"lines":{"total":29,"covered":29,"skipped":0,"pct":100},"functions":{"total":11,"covered":11,"skipped":0,"pct":100},"statements":{"total":32,"covered":32,"skipped":0,"pct":100},"branches":{"total":12,"covered":12,"skipped":0,"pct":100}}
,"/Users/william/fritt-bokforing/src/renderer/lib/use-ipc-mutation.ts": {"lines":{"total":10,"covered":10,"skipped":0,"pct":100},"functions":{"total":5,"covered":5,"skipped":0,"pct":100},"statements":{"total":11,"covered":11,"skipped":0,"pct":100},"branches":{"total":6,"covered":6,"skipped":0,"pct":100}}
,"/Users/william/fritt-bokforing/src/renderer/lib/use-ipc-query.ts": {"lines":{"total":3,"covered":2,"skipped":0,"pct":66.66},"functions":{"total":3,"covered":2,"skipped":0,"pct":66.66},"statements":{"total":3,"covered":2,"skipped":0,"pct":66.66},"branches":{"total":0,"covered":0,"skipped":0,"pct":100}}
,"/Users/william/fritt-bokforing/src/renderer/lib/use-page-param.ts": {"lines":{"total":21,"covered":21,"skipped":0,"pct":100},"functions":{"total":7,"covered":7,"skipped":0,"pct":100},"statements":{"total":22,"covered":22,"skipped":0,"pct":100},"branches":{"total":15,"covered":14,"skipped":0,"pct":93.33}}
,"/Users/william/fritt-bokforing/src/renderer/lib/use-route-navigation.ts": {"lines":{"total":35,"covered":10,"skipped":0,"pct":28.57},"functions":{"total":12,"covered":2,"skipped":0,"pct":16.66},"statements":{"total":35,"covered":10,"skipped":0,"pct":28.57},"branches":{"total":18,"covered":5,"skipped":0,"pct":27.77}}
,"/Users/william/fritt-bokforing/src/renderer/lib/use-roving-tabindex.ts": {"lines":{"total":33,"covered":33,"skipped":0,"pct":100},"functions":{"total":8,"covered":8,"skipped":0,"pct":100},"statements":{"total":35,"covered":35,"skipped":0,"pct":100},"branches":{"total":28,"covered":28,"skipped":0,"pct":100}}
,"/Users/william/fritt-bokforing/src/renderer/lib/useKeyboardShortcuts.ts": {"lines":{"total":24,"covered":6,"skipped":0,"pct":25},"functions":{"total":4,"covered":3,"skipped":0,"pct":75},"statements":{"total":25,"covered":7,"skipped":0,"pct":28},"branches":{"total":21,"covered":0,"skipped":0,"pct":0}}
,"/Users/william/fritt-bokforing/src/renderer/lib/form-schemas/customer.ts": {"lines":{"total":5,"covered":5,"skipped":0,"pct":100},"functions":{"total":2,"covered":2,"skipped":0,"pct":100},"statements":{"total":5,"covered":5,"skipped":0,"pct":100},"branches":{"total":28,"covered":26,"skipped":0,"pct":92.85}}
,"/Users/william/fritt-bokforing/src/renderer/lib/form-schemas/expense.ts": {"lines":{"total":9,"covered":9,"skipped":0,"pct":100},"functions":{"total":5,"covered":5,"skipped":0,"pct":100},"statements":{"total":9,"covered":9,"skipped":0,"pct":100},"branches":{"total":4,"covered":4,"skipped":0,"pct":100}}
,"/Users/william/fritt-bokforing/src/renderer/lib/form-schemas/invoice.ts": {"lines":{"total":10,"covered":10,"skipped":0,"pct":100},"functions":{"total":6,"covered":6,"skipped":0,"pct":100},"statements":{"total":10,"covered":10,"skipped":0,"pct":100},"branches":{"total":6,"covered":5,"skipped":0,"pct":83.33}}
,"/Users/william/fritt-bokforing/src/renderer/lib/form-schemas/manual-entry.ts": {"lines":{"total":13,"covered":10,"skipped":0,"pct":76.92},"functions":{"total":6,"covered":3,"skipped":0,"pct":50},"statements":{"total":15,"covered":11,"skipped":0,"pct":73.33},"branches":{"total":11,"covered":5,"skipped":0,"pct":45.45}}
,"/Users/william/fritt-bokforing/src/renderer/lib/form-schemas/product.ts": {"lines":{"total":5,"covered":5,"skipped":0,"pct":100},"functions":{"total":2,"covered":2,"skipped":0,"pct":100},"statements":{"total":5,"covered":5,"skipped":0,"pct":100},"branches":{"total":7,"covered":6,"skipped":0,"pct":85.71}}
,"/Users/william/fritt-bokforing/src/renderer/pages/AppShell.tsx": {"lines":{"total":30,"covered":0,"skipped":0,"pct":0},"functions":{"total":4,"covered":0,"skipped":0,"pct":0},"statements":{"total":30,"covered":0,"skipped":0,"pct":0},"branches":{"total":23,"covered":0,"skipped":0,"pct":0}}
,"/Users/william/fritt-bokforing/src/renderer/pages/LockScreen.tsx": {"lines":{"total":101,"covered":97,"skipped":0,"pct":96.03},"functions":{"total":39,"covered":37,"skipped":0,"pct":94.87},"statements":{"total":105,"covered":99,"skipped":0,"pct":94.28},"branches":{"total":68,"covered":63,"skipped":0,"pct":92.64}}
,"/Users/william/fritt-bokforing/src/renderer/pages/OnboardingWizard.tsx": {"lines":{"total":22,"covered":12,"skipped":0,"pct":54.54},"functions":{"total":10,"covered":3,"skipped":0,"pct":30},"statements":{"total":22,"covered":12,"skipped":0,"pct":54.54},"branches":{"total":32,"covered":20,"skipped":0,"pct":62.5}}
,"/Users/william/fritt-bokforing/src/renderer/pages/PageAccountStatement.tsx": {"lines":{"total":55,"covered":52,"skipped":0,"pct":94.54},"functions":{"total":21,"covered":18,"skipped":0,"pct":85.71},"statements":{"total":63,"covered":60,"skipped":0,"pct":95.23},"branches":{"total":59,"covered":48,"skipped":0,"pct":81.35}}
,"/Users/william/fritt-bokforing/src/renderer/pages/PageAccounts.tsx": {"lines":{"total":69,"covered":1,"skipped":0,"pct":1.44},"functions":{"total":22,"covered":0,"skipped":0,"pct":0},"statements":{"total":71,"covered":1,"skipped":0,"pct":1.4},"branches":{"total":60,"covered":0,"skipped":0,"pct":0}}
,"/Users/william/fritt-bokforing/src/renderer/pages/PageAccruals.tsx": {"lines":{"total":49,"covered":19,"skipped":0,"pct":38.77},"functions":{"total":23,"covered":8,"skipped":0,"pct":34.78},"statements":{"total":56,"covered":20,"skipped":0,"pct":35.71},"branches":{"total":36,"covered":11,"skipped":0,"pct":30.55}}
,"/Users/william/fritt-bokforing/src/renderer/pages/PageAgingReport.tsx": {"lines":{"total":22,"covered":17,"skipped":0,"pct":77.27},"functions":{"total":12,"covered":8,"skipped":0,"pct":66.66},"statements":{"total":25,"covered":19,"skipped":0,"pct":76},"branches":{"total":22,"covered":19,"skipped":0,"pct":86.36}}
,"/Users/william/fritt-bokforing/src/renderer/pages/PageBankStatements.tsx": {"lines":{"total":102,"covered":0,"skipped":0,"pct":0},"functions":{"total":29,"covered":0,"skipped":0,"pct":0},"statements":{"total":106,"covered":0,"skipped":0,"pct":0},"branches":{"total":111,"covered":0,"skipped":0,"pct":0}}
,"/Users/william/fritt-bokforing/src/renderer/pages/PageBudget.tsx": {"lines":{"total":9,"covered":7,"skipped":0,"pct":77.77},"functions":{"total":4,"covered":2,"skipped":0,"pct":50},"statements":{"total":9,"covered":7,"skipped":0,"pct":77.77},"branches":{"total":16,"covered":13,"skipped":0,"pct":81.25}}
,"/Users/william/fritt-bokforing/src/renderer/pages/PageCustomers.tsx": {"lines":{"total":8,"covered":0,"skipped":0,"pct":0},"functions":{"total":5,"covered":0,"skipped":0,"pct":0},"statements":{"total":9,"covered":0,"skipped":0,"pct":0},"branches":{"total":4,"covered":0,"skipped":0,"pct":0}}
,"/Users/william/fritt-bokforing/src/renderer/pages/PageExpenses.tsx": {"lines":{"total":40,"covered":0,"skipped":0,"pct":0},"functions":{"total":18,"covered":0,"skipped":0,"pct":0},"statements":{"total":43,"covered":0,"skipped":0,"pct":0},"branches":{"total":43,"covered":0,"skipped":0,"pct":0}}
,"/Users/william/fritt-bokforing/src/renderer/pages/PageExport.tsx": {"lines":{"total":22,"covered":0,"skipped":0,"pct":0},"functions":{"total":12,"covered":0,"skipped":0,"pct":0},"statements":{"total":26,"covered":0,"skipped":0,"pct":0},"branches":{"total":19,"covered":0,"skipped":0,"pct":0}}
,"/Users/william/fritt-bokforing/src/renderer/pages/PageFixedAssets.tsx": {"lines":{"total":52,"covered":1,"skipped":0,"pct":1.92},"functions":{"total":14,"covered":0,"skipped":0,"pct":0},"statements":{"total":54,"covered":1,"skipped":0,"pct":1.85},"branches":{"total":64,"covered":0,"skipped":0,"pct":0}}
,"/Users/william/fritt-bokforing/src/renderer/pages/PageImport.tsx": {"lines":{"total":42,"covered":0,"skipped":0,"pct":0},"functions":{"total":6,"covered":0,"skipped":0,"pct":0},"statements":{"total":45,"covered":0,"skipped":0,"pct":0},"branches":{"total":28,"covered":0,"skipped":0,"pct":0}}
,"/Users/william/fritt-bokforing/src/renderer/pages/PageIncome.tsx": {"lines":{"total":32,"covered":0,"skipped":0,"pct":0},"functions":{"total":11,"covered":0,"skipped":0,"pct":0},"statements":{"total":35,"covered":0,"skipped":0,"pct":0},"branches":{"total":22,"covered":0,"skipped":0,"pct":0}}
,"/Users/william/fritt-bokforing/src/renderer/pages/PageManualEntries.tsx": {"lines":{"total":42,"covered":22,"skipped":0,"pct":52.38},"functions":{"total":12,"covered":7,"skipped":0,"pct":58.33},"statements":{"total":46,"covered":25,"skipped":0,"pct":54.34},"branches":{"total":27,"covered":16,"skipped":0,"pct":59.25}}
,"/Users/william/fritt-bokforing/src/renderer/pages/PageOverview.tsx": {"lines":{"total":10,"covered":0,"skipped":0,"pct":0},"functions":{"total":7,"covered":0,"skipped":0,"pct":0},"statements":{"total":10,"covered":0,"skipped":0,"pct":0},"branches":{"total":27,"covered":0,"skipped":0,"pct":0}}
,"/Users/william/fritt-bokforing/src/renderer/pages/PageProducts.tsx": {"lines":{"total":13,"covered":1,"skipped":0,"pct":7.69},"functions":{"total":8,"covered":0,"skipped":0,"pct":0},"statements":{"total":14,"covered":1,"skipped":0,"pct":7.14},"branches":{"total":6,"covered":0,"skipped":0,"pct":0}}
,"/Users/william/fritt-bokforing/src/renderer/pages/PageReports.tsx": {"lines":{"total":22,"covered":0,"skipped":0,"pct":0},"functions":{"total":8,"covered":0,"skipped":0,"pct":0},"statements":{"total":22,"covered":0,"skipped":0,"pct":0},"branches":{"total":42,"covered":0,"skipped":0,"pct":0}}
,"/Users/william/fritt-bokforing/src/renderer/pages/PageSettings.tsx": {"lines":{"total":130,"covered":0,"skipped":0,"pct":0},"functions":{"total":36,"covered":0,"skipped":0,"pct":0},"statements":{"total":133,"covered":0,"skipped":0,"pct":0},"branches":{"total":104,"covered":0,"skipped":0,"pct":0}}
,"/Users/william/fritt-bokforing/src/renderer/pages/PageSuppliers.tsx": {"lines":{"total":8,"covered":0,"skipped":0,"pct":0},"functions":{"total":5,"covered":0,"skipped":0,"pct":0},"statements":{"total":9,"covered":0,"skipped":0,"pct":0},"branches":{"total":4,"covered":0,"skipped":0,"pct":0}}
,"/Users/william/fritt-bokforing/src/renderer/pages/PageTax.tsx": {"lines":{"total":10,"covered":0,"skipped":0,"pct":0},"functions":{"total":3,"covered":0,"skipped":0,"pct":0},"statements":{"total":11,"covered":0,"skipped":0,"pct":0},"branches":{"total":43,"covered":0,"skipped":0,"pct":0}}
,"/Users/william/fritt-bokforing/src/renderer/pages/PageVat.tsx": {"lines":{"total":14,"covered":0,"skipped":0,"pct":0},"functions":{"total":6,"covered":0,"skipped":0,"pct":0},"statements":{"total":17,"covered":0,"skipped":0,"pct":0},"branches":{"total":32,"covered":0,"skipped":0,"pct":0}}
,"/Users/william/fritt-bokforing/src/shared/account-number.ts": {"lines":{"total":1,"covered":1,"skipped":0,"pct":100},"functions":{"total":1,"covered":1,"skipped":0,"pct":100},"statements":{"total":1,"covered":1,"skipped":0,"pct":100},"branches":{"total":0,"covered":0,"skipped":0,"pct":100}}
,"/Users/william/fritt-bokforing/src/shared/bankgiro-validation.ts": {"lines":{"total":12,"covered":12,"skipped":0,"pct":100},"functions":{"total":2,"covered":2,"skipped":0,"pct":100},"statements":{"total":16,"covered":16,"skipped":0,"pct":100},"branches":{"total":10,"covered":10,"skipped":0,"pct":100}}
,"/Users/william/fritt-bokforing/src/shared/constants.ts": {"lines":{"total":10,"covered":10,"skipped":0,"pct":100},"functions":{"total":1,"covered":1,"skipped":0,"pct":100},"statements":{"total":10,"covered":10,"skipped":0,"pct":100},"branches":{"total":1,"covered":1,"skipped":0,"pct":100}}
,"/Users/william/fritt-bokforing/src/shared/date-utils.ts": {"lines":{"total":51,"covered":51,"skipped":0,"pct":100},"functions":{"total":6,"covered":6,"skipped":0,"pct":100},"statements":{"total":53,"covered":53,"skipped":0,"pct":100},"branches":{"total":19,"covered":17,"skipped":0,"pct":89.47}}
,"/Users/william/fritt-bokforing/src/shared/depreciation-defaults.ts": {"lines":{"total":2,"covered":1,"skipped":0,"pct":50},"functions":{"total":2,"covered":0,"skipped":0,"pct":0},"statements":{"total":3,"covered":1,"skipped":0,"pct":33.33},"branches":{"total":0,"covered":0,"skipped":0,"pct":100}}
,"/Users/william/fritt-bokforing/src/shared/escape-fts.ts": {"lines":{"total":1,"covered":1,"skipped":0,"pct":100},"functions":{"total":1,"covered":1,"skipped":0,"pct":100},"statements":{"total":1,"covered":1,"skipped":0,"pct":100},"branches":{"total":0,"covered":0,"skipped":0,"pct":100}}
,"/Users/william/fritt-bokforing/src/shared/escape-like.ts": {"lines":{"total":2,"covered":2,"skipped":0,"pct":100},"functions":{"total":1,"covered":1,"skipped":0,"pct":100},"statements":{"total":2,"covered":2,"skipped":0,"pct":100},"branches":{"total":0,"covered":0,"skipped":0,"pct":100}}
,"/Users/william/fritt-bokforing/src/shared/ipc-response-schemas.ts": {"lines":{"total":13,"covered":13,"skipped":0,"pct":100},"functions":{"total":0,"covered":0,"skipped":0,"pct":100},"statements":{"total":13,"covered":13,"skipped":0,"pct":100},"branches":{"total":0,"covered":0,"skipped":0,"pct":100}}
,"/Users/william/fritt-bokforing/src/shared/ipc-schemas.ts": {"lines":{"total":129,"covered":129,"skipped":0,"pct":100},"functions":{"total":9,"covered":9,"skipped":0,"pct":100},"statements":{"total":132,"covered":132,"skipped":0,"pct":100},"branches":{"total":14,"covered":13,"skipped":0,"pct":92.85}}
,"/Users/william/fritt-bokforing/src/shared/money.ts": {"lines":{"total":5,"covered":4,"skipped":0,"pct":80},"functions":{"total":3,"covered":2,"skipped":0,"pct":66.66},"statements":{"total":6,"covered":5,"skipped":0,"pct":83.33},"branches":{"total":2,"covered":2,"skipped":0,"pct":100}}
,"/Users/william/fritt-bokforing/src/shared/types.ts": {"lines":{"total":1,"covered":1,"skipped":0,"pct":100},"functions":{"total":0,"covered":0,"skipped":0,"pct":100},"statements":{"total":1,"covered":1,"skipped":0,"pct":100},"branches":{"total":0,"covered":0,"skipped":0,"pct":100}}
,"/Users/william/fritt-bokforing/tests/e2e/helpers/snapshot-mask.ts": {"lines":{"total":6,"covered":6,"skipped":0,"pct":100},"functions":{"total":4,"covered":4,"skipped":0,"pct":100},"statements":{"total":6,"covered":6,"skipped":0,"pct":100},"branches":{"total":0,"covered":0,"skipped":0,"pct":100}}
,"/Users/william/fritt-bokforing/tests/fixtures/factories.ts": {"lines":{"total":20,"covered":20,"skipped":0,"pct":100},"functions":{"total":12,"covered":12,"skipped":0,"pct":100},"statements":{"total":21,"covered":21,"skipped":0,"pct":100},"branches":{"total":0,"covered":0,"skipped":0,"pct":100}}
,"/Users/william/fritt-bokforing/tests/fixtures/vat-scenarios.ts": {"lines":{"total":3,"covered":3,"skipped":0,"pct":100},"functions":{"total":2,"covered":2,"skipped":0,"pct":100},"statements":{"total":3,"covered":3,"skipped":0,"pct":100},"branches":{"total":0,"covered":0,"skipped":0,"pct":100}}
,"/Users/william/fritt-bokforing/tests/helpers/create-test-db.ts": {"lines":{"total":21,"covered":20,"skipped":0,"pct":95.23},"functions":{"total":1,"covered":1,"skipped":0,"pct":100},"statements":{"total":23,"covered":22,"skipped":0,"pct":95.65},"branches":{"total":8,"covered":7,"skipped":0,"pct":87.5}}
,"/Users/william/fritt-bokforing/tests/helpers/pdf-test-setup.ts": {"lines":{"total":30,"covered":29,"skipped":0,"pct":96.66},"functions":{"total":2,"covered":2,"skipped":0,"pct":100},"statements":{"total":36,"covered":31,"skipped":0,"pct":86.11},"branches":{"total":12,"covered":7,"skipped":0,"pct":58.33}}
,"/Users/william/fritt-bokforing/tests/helpers/render-with-providers.tsx": {"lines":{"total":33,"covered":33,"skipped":0,"pct":100},"functions":{"total":8,"covered":7,"skipped":0,"pct":87.5},"statements":{"total":36,"covered":35,"skipped":0,"pct":97.22},"branches":{"total":20,"covered":20,"skipped":0,"pct":100}}
,"/Users/william/fritt-bokforing/tests/helpers/test-form.ts": {"lines":{"total":8,"covered":7,"skipped":0,"pct":87.5},"functions":{"total":7,"covered":4,"skipped":0,"pct":57.14},"statements":{"total":10,"covered":8,"skipped":0,"pct":80},"branches":{"total":0,"covered":0,"skipped":0,"pct":100}}
,"/Users/william/fritt-bokforing/tests/renderer/components/__fixtures__/counterparties.ts": {"lines":{"total":3,"covered":3,"skipped":0,"pct":100},"functions":{"total":1,"covered":1,"skipped":0,"pct":100},"statements":{"total":3,"covered":3,"skipped":0,"pct":100},"branches":{"total":0,"covered":0,"skipped":0,"pct":100}}
,"/Users/william/fritt-bokforing/tests/renderer/components/__fixtures__/expenses.ts": {"lines":{"total":2,"covered":2,"skipped":0,"pct":100},"functions":{"total":1,"covered":1,"skipped":0,"pct":100},"statements":{"total":2,"covered":2,"skipped":0,"pct":100},"branches":{"total":0,"covered":0,"skipped":0,"pct":100}}
,"/Users/william/fritt-bokforing/tests/renderer/components/__fixtures__/products.ts": {"lines":{"total":2,"covered":2,"skipped":0,"pct":100},"functions":{"total":1,"covered":1,"skipped":0,"pct":100},"statements":{"total":2,"covered":2,"skipped":0,"pct":100},"branches":{"total":0,"covered":0,"skipped":0,"pct":100}}
,"/Users/william/fritt-bokforing/tests/renderer/utils/format-matchers.ts": {"lines":{"total":3,"covered":3,"skipped":0,"pct":100},"functions":{"total":1,"covered":1,"skipped":0,"pct":100},"statements":{"total":3,"covered":3,"skipped":0,"pct":100},"branches":{"total":0,"covered":0,"skipped":0,"pct":100}}
,"/Users/william/fritt-bokforing/tests/security/helpers/security-test-context.ts": {"lines":{"total":9,"covered":4,"skipped":0,"pct":44.44},"functions":{"total":6,"covered":1,"skipped":0,"pct":16.66},"statements":{"total":9,"covered":4,"skipped":0,"pct":44.44},"branches":{"total":4,"covered":1,"skipped":0,"pct":25}}
,"/Users/william/fritt-bokforing/tests/setup/mock-ipc.ts": {"lines":{"total":50,"covered":44,"skipped":0,"pct":88},"functions":{"total":12,"covered":7,"skipped":0,"pct":58.33},"statements":{"total":52,"covered":44,"skipped":0,"pct":84.61},"branches":{"total":30,"covered":26,"skipped":0,"pct":86.66}}
,"/Users/william/fritt-bokforing/tests/system/helpers/assertions.ts": {"lines":{"total":9,"covered":9,"skipped":0,"pct":100},"functions":{"total":3,"covered":3,"skipped":0,"pct":100},"statements":{"total":11,"covered":11,"skipped":0,"pct":100},"branches":{"total":0,"covered":0,"skipped":0,"pct":100}}
,"/Users/william/fritt-bokforing/tests/system/helpers/system-test-context.ts": {"lines":{"total":138,"covered":128,"skipped":0,"pct":92.75},"functions":{"total":22,"covered":21,"skipped":0,"pct":95.45},"statements":{"total":150,"covered":132,"skipped":0,"pct":88},"branches":{"total":100,"covered":75,"skipped":0,"pct":75}}
}
